<?xml version="1.0" encoding="UTF-8"?>
<!-- Generated by org.testng.reporters.JUnitXMLReporter -->
<testsuite ignored="0" hostname="arun" failures="0" tests="4" name="ChromeTest" time="14.55" errors="0" timestamp="2024-07-15T19:51:02 IST">
  <testcase classname="testScript.LoginTest" name="verifyTheUserIsAbleToLoginUsingInvalidUsernameAndInvalidPassword" time="1.87"/>
  <testcase classname="testScript.LoginTest" name="verifyTheUserIsAbleToLoginUsingInvalidUsernameAndValidPassword" time="0.928"/>
  <testcase classname="testScript.LoginTest" name="verifyTheUserIsAbleToLoginUsingValidCredentials" time="1.043"/>
  <testcase classname="testScript.LoginTest" name="verifyTheUserIsAbleToLoginUsingValidUsernameAndInvalidPassword" time="0.903"/>
</testsuite> <!-- ChromeTest -->
